[2018-08-15 14:11:46,328]   INFO - tbrains.buildServer.ACTIVITIES - Build added to queue; Queued build {Build promotion {promotion id=4924, configuration={id=UddataPlus_Flexadm_gwt, internal id=bt200}, branch=SKM-702, queued, modificationId=381, revisions=["UddataPlus - Lokal Git Server" {instance id=2, parent internal id=1, parent id=UddataPlus_Git, description: "ssh://abm@src.uddata.dk/var/git/portal.git#refs/heads/master"}: f00cc76a883467d68ab6fa7f4b34dd0e8c33b28b]}, triggered by "Git" (##vcsName='jetbrains.git' type='vcs')}
[2018-08-15 14:11:49,840]   INFO -   jetbrains.buildServer.SERVER - Build finished received for build: #139 {build id=4886, buildTypeId=UddataPlus_Optagelse_gwt}
[2018-08-15 14:11:49,844]   INFO - ndexer.EventBasedBuildsIndexer - Indexing finishing build: #139 {build id=4886, buildTypeId=UddataPlus_Optagelse_gwt}
[2018-08-15 14:11:50,108]   INFO - de.impl.history.DBBuildHistory - Created build history entry; build id: 4886, finish date: 2018-08-15 14:11:49.803
[2018-08-15 14:11:50,124]   INFO - tbrains.buildServer.ACTIVITIES - Finished build UddataPlus / Optagelse / Byg GWT Modul {id=UddataPlus_Optagelse_gwt, internal id=bt131} #139 {promotion id=4886, branch=US-100, agent="agent1" {id=1}, triggered by "Git" (##vcsName='jetbrains.git' type='vcs'). Started 2018-08-15 14:09:11.218, finished. Status "NORMAL 'Running'"}
[2018-08-15 14:11:50,246]   INFO -   jetbrains.buildServer.SERVER - Running build saved to DB: build id=4889, promotion id=4889
[2018-08-15 14:11:50,527]   INFO - tbrains.buildServer.ACTIVITIES - Build started; UddataPlus / Studs / Byg GWT Modul {id=UddataPlus_Studs_gwt, internal id=bt62} #137 {promotion id=4889, branch=US-100, agent="agent1" {id=1}, triggered by "Git" (##vcsName='jetbrains.git' type='vcs'). Started 2018-08-15 14:11:50.012, running}
[2018-08-15 14:11:50,536]   INFO -   jetbrains.buildServer.SERVER - Build removed from queue (started): 4889
[2018-08-15 14:11:50,541]   INFO -   jetbrains.buildServer.SERVER - Flush queue finished in 530ms, number of builds started: 1
[2018-08-15 14:11:56,816]   INFO - ity.BuildQueuePriorityOrdering - New item Queued build {Build promotion {promotion id=4925, configuration={id=UddataPlus_Eksamen_gwt, internal id=bt226}}, item id=4925} with weight 0.00 inserted at the default position 34 in the end of the queue
[2018-08-15 14:11:56,825]   INFO - tbrains.buildServer.ACTIVITIES - Build added to queue; Queued build {Build promotion {promotion id=4925, configuration={id=UddataPlus_Eksamen_gwt, internal id=bt226}, branch=SKM-702, queued, modificationId=381, revisions=["UddataPlus - Lokal Git Server" {instance id=2, parent internal id=1, parent id=UddataPlus_Git, description: "ssh://abm@src.uddata.dk/var/git/portal.git#refs/heads/master"}: f00cc76a883467d68ab6fa7f4b34dd0e8c33b28b]}, triggered by "Git" (##vcsName='jetbrains.git' type='vcs')}
[2018-08-15 14:13:03,145]   INFO -   jetbrains.buildServer.SERVER - Build finished received for build: #138 {build id=4887, buildTypeId=UddataPlus_Ubox_gwt}
[2018-08-15 14:13:03,151]   INFO - ndexer.EventBasedBuildsIndexer - Indexing finishing build: #138 {build id=4887, buildTypeId=UddataPlus_Ubox_gwt}
[2018-08-15 14:13:03,420]   INFO - de.impl.history.DBBuildHistory - Created build history entry; build id: 4887, finish date: 2018-08-15 14:13:03.123
[2018-08-15 14:13:03,432]   INFO - tbrains.buildServer.ACTIVITIES - Finished build UddataPlus / Ubox / Byg GWT Modul {id=UddataPlus_Ubox_gwt, internal id=bt45} #138 {promotion id=4887, branch=US-100, agent="agent2" {id=5}, triggered by "Git" (##vcsName='jetbrains.git' type='vcs'). Started 2018-08-15 14:09:26.333, finished. Status "NORMAL 'Running'"}
[2018-08-15 14:13:03,493]   INFO -   jetbrains.buildServer.SERVER - Running build saved to DB: build id=4890, promotion id=4890
[2018-08-15 14:13:03,691]   INFO - tbrains.buildServer.ACTIVITIES - Build started; UddataPlus / Administrator / Byg GWT Modul {id=UddataPlus_Administrator_gwt, internal id=bt283} #137 {promotion id=4890, branch=US-100, agent="agent2" {id=5}, triggered by "Git" (##vcsName='jetbrains.git' type='vcs'). Started 2018-08-15 14:13:03.232, running}
[2018-08-15 14:13:03,700]   INFO -   jetbrains.buildServer.SERVER - Build removed from queue (started): 4890
[2018-08-15 14:13:03,702]   INFO -   jetbrains.buildServer.SERVER - Flush queue finished in 470ms, number of builds started: 1
[2018-08-15 14:15:30,881]   INFO -   jetbrains.buildServer.SERVER - Build finished received for build: #137 {build id=4884, buildTypeId=UddataPlus_Bevis_gwt}
[2018-08-15 14:15:30,888]   INFO - ndexer.EventBasedBuildsIndexer - Indexing finishing build: #137 {build id=4884, buildTypeId=UddataPlus_Bevis_gwt}
[2018-08-15 14:15:31,358]   INFO -   jetbrains.buildServer.SERVER - Running build saved to DB: build id=4891, promotion id=4891
[2018-08-15 14:15:31,432]   INFO - de.impl.history.DBBuildHistory - Created build history entry; build id: 4884, finish date: 2018-08-15 14:15:30.922
[2018-08-15 14:15:31,446]   INFO - tbrains.buildServer.ACTIVITIES - Finished build UddataPlus / Bevis / Byg GWT Modul {id=UddataPlus_Bevis_gwt, internal id=bt245} #137 {promotion id=4884, branch=US-100, agent="agent3" {id=3}, triggered by "Git" (##vcsName='jetbrains.git' type='vcs'). Started 2018-08-15 14:08:50.215, finished. Status "NORMAL 'Running'"}
[2018-08-15 14:15:31,662]   INFO - tbrains.buildServer.ACTIVITIES - Build started; UddataPlus / Jobafvikler / Byg GWT Modul {id=UddataPlus_Jobafvikler_gwt, internal id=bt176} #138 {promotion id=4891, branch=US-100, agent="agent3" {id=3}, triggered by "Git" (##vcsName='jetbrains.git' type='vcs'). Started 2018-08-15 14:15:30.974, running}
[2018-08-15 14:15:31,674]   INFO -   jetbrains.buildServer.SERVER - Build removed from queue (started): 4891
[2018-08-15 14:15:31,678]   INFO -   jetbrains.buildServer.SERVER - Flush queue finished in 705ms, number of builds started: 1
[2018-08-15 14:16:40,925]   INFO -   jetbrains.buildServer.SERVER - Build finished received for build: #136 {build id=4888, buildTypeId=UddataPlus_Showcase_gwt}
[2018-08-15 14:16:40,937]   INFO - ndexer.EventBasedBuildsIndexer - Indexing finishing build: #136 {build id=4888, buildTypeId=UddataPlus_Showcase_gwt}
[2018-08-15 14:16:41,527]   INFO - de.impl.history.DBBuildHistory - Created build history entry; build id: 4888, finish date: 2018-08-15 14:16:40.635
[2018-08-15 14:16:41,541]   INFO - tbrains.buildServer.ACTIVITIES - Finished build UddataPlus / Showcase / Byg GWT Modul {id=UddataPlus_Showcase_gwt, internal id=bt84} #136 {promotion id=4888, branch=US-100, agent="agent4" {id=6}, triggered by "Git" (##vcsName='jetbrains.git' type='vcs'). Started 2018-08-15 14:11:14.441, finished. Status "NORMAL 'Running'"}
[2018-08-15 14:16:41,641]   INFO -   jetbrains.buildServer.SERVER - Running build saved to DB: build id=4892, promotion id=4892
[2018-08-15 14:16:41,869]   INFO - tbrains.buildServer.ACTIVITIES - Build started; UddataPlus / Elever / Byg GWT Modul {id=UddataPlus_Elever_gwt, internal id=bt219} #141 {promotion id=4892, branch=SKM-702, agent="agent4" {id=6}, triggered by "Git" (##vcsName='jetbrains.git' type='vcs'). Started 2018-08-15 14:16:41.169, running}
[2018-08-15 14:16:41,876]   INFO -   jetbrains.buildServer.SERVER - Build removed from queue (started): 4892
[2018-08-15 14:16:41,878]   INFO -   jetbrains.buildServer.SERVER - Flush queue finished in 709ms, number of builds started: 1
[2018-08-15 14:16:57,966]   INFO - tbrains.buildServer.ACTIVITIES - Build queue order changed by 'abm' (Anders Bech Mellson) {id=10}, old id order: [4894, 4895, 4896, 4897, 4898, 4899, 4900, 4901, 4902, 4903, 4904, 4905, 4906, 4907, 4908, 4909, 4910, 4911, 4912, 4913, 4914, 4915, 4916, 4917, 4918, 4919, 4920, 4921, 4922, 4923, 4924, 4925], new id order: [4894, 4896, 4895, 4897, 4898, 4899, 4900, 4901, 4902, 4903, 4904, 4905, 4906, 4907, 4908, 4909, 4910, 4911, 4912, 4913, 4914, 4915, 4916, 4917, 4918, 4919, 4920, 4921, 4922, 4923, 4924, 4925]